[4.103s] Invoking command in '/home/jbeta/Software/mate_software/mate_workspace/src/simple_package': DEBUGINFOD_URLS=https://debuginfod.ubuntu.com PYTHONPATH=/home/jbeta/Software/mate_software/mate_workspace/src/build/simple_package/prefix_override:/usr/lib/python3/dist-packages/colcon_core/task/python/colcon_distutils_commands:/home/jbeta/Software/mate_software/mate_workspace/src/install/simple_package/lib/python3.12/site-packages:${PYTHONPATH} /usr/bin/python3 -W ignore:setup.py install is deprecated setup.py egg_info --egg-base ../build/simple_package build --build-base /home/jbeta/Software/mate_software/mate_workspace/src/build/simple_package/build install --record /home/jbeta/Software/mate_software/mate_workspace/src/build/simple_package/install.log --single-version-externally-managed install_data
[5.203s] running egg_info
[5.204s] creating ../build/simple_package/simple_package.egg-info
[5.281s] writing ../build/simple_package/simple_package.egg-info/PKG-INFO
[5.282s] writing dependency_links to ../build/simple_package/simple_package.egg-info/dependency_links.txt
[5.283s] writing requirements to ../build/simple_package/simple_package.egg-info/requires.txt
[5.283s] writing top-level names to ../build/simple_package/simple_package.egg-info/top_level.txt
[5.284s] writing manifest file '../build/simple_package/simple_package.egg-info/SOURCES.txt'
[5.442s] reading manifest file '../build/simple_package/simple_package.egg-info/SOURCES.txt'
[5.443s] adding license file 'LICENSE'
[5.445s] writing manifest file '../build/simple_package/simple_package.egg-info/SOURCES.txt'
[5.445s] running build
[5.446s] running build_py
[5.446s] creating /home/jbeta/Software/mate_software/mate_workspace/src/build/simple_package/build
[5.447s] creating /home/jbeta/Software/mate_software/mate_workspace/src/build/simple_package/build/lib
[5.448s] creating /home/jbeta/Software/mate_software/mate_workspace/src/build/simple_package/build/lib/simple_package
[5.448s] copying simple_package/__init__.py -> /home/jbeta/Software/mate_software/mate_workspace/src/build/simple_package/build/lib/simple_package
[5.449s] running install
[5.472s] running install_lib
[5.551s] creating /home/jbeta/Software/mate_software/mate_workspace/src/install/simple_package/lib/python3.12/site-packages/simple_package
[5.552s] copying /home/jbeta/Software/mate_software/mate_workspace/src/build/simple_package/build/lib/simple_package/__init__.py -> /home/jbeta/Software/mate_software/mate_workspace/src/install/simple_package/lib/python3.12/site-packages/simple_package
[5.555s] byte-compiling /home/jbeta/Software/mate_software/mate_workspace/src/install/simple_package/lib/python3.12/site-packages/simple_package/__init__.py to __init__.cpython-312.pyc
[5.556s] running install_data
[5.556s] creating /home/jbeta/Software/mate_software/mate_workspace/src/install/simple_package/share/ament_index
[5.557s] creating /home/jbeta/Software/mate_software/mate_workspace/src/install/simple_package/share/ament_index/resource_index
[5.558s] creating /home/jbeta/Software/mate_software/mate_workspace/src/install/simple_package/share/ament_index/resource_index/packages
[5.558s] copying resource/simple_package -> /home/jbeta/Software/mate_software/mate_workspace/src/install/simple_package/share/ament_index/resource_index/packages
[5.558s] copying package.xml -> /home/jbeta/Software/mate_software/mate_workspace/src/install/simple_package/share/simple_package
[5.559s] running install_egg_info
[5.591s] interrupted
[5.696s] Invoked command in '/home/jbeta/Software/mate_software/mate_workspace/src/simple_package' returned '1': DEBUGINFOD_URLS=https://debuginfod.ubuntu.com PYTHONPATH=/home/jbeta/Software/mate_software/mate_workspace/src/build/simple_package/prefix_override:/usr/lib/python3/dist-packages/colcon_core/task/python/colcon_distutils_commands:/home/jbeta/Software/mate_software/mate_workspace/src/install/simple_package/lib/python3.12/site-packages:${PYTHONPATH} /usr/bin/python3 -W ignore:setup.py install is deprecated setup.py egg_info --egg-base ../build/simple_package build --build-base /home/jbeta/Software/mate_software/mate_workspace/src/build/simple_package/build install --record /home/jbeta/Software/mate_software/mate_workspace/src/build/simple_package/install.log --single-version-externally-managed install_data
