[0.414s] DEBUG:colcon:Command line arguments: ['/usr/bin/colcon', 'build']
[0.414s] DEBUG:colcon:Parsed command line arguments: Namespace(log_base=None, log_level=None, verb_name='build', build_base='build', install_base='install', merge_install=False, symlink_install=False, test_result_base=None, continue_on_error=False, executor='parallel', parallel_workers=4, event_handlers=None, ignore_user_meta=False, metas=['./colcon.meta'], base_paths=['.'], packages_ignore=None, packages_ignore_regex=None, paths=None, packages_up_to=None, packages_up_to_regex=None, packages_above=None, packages_above_and_dependencies=None, packages_above_depth=None, packages_select_by_dep=None, packages_skip_by_dep=None, packages_skip_up_to=None, packages_select_build_failed=False, packages_skip_build_finished=False, packages_select_test_failures=False, packages_skip_test_passed=False, packages_select=None, packages_skip=None, packages_select_regex=None, packages_skip_regex=None, packages_start=None, packages_end=None, allow_overriding=[], cmake_args=None, cmake_target=None, cmake_target_skip_unavailable=False, cmake_clean_cache=False, cmake_clean_first=False, cmake_force_configure=False, ament_cmake_args=None, catkin_cmake_args=None, catkin_skip_building_tests=False, verb_parser=<colcon_defaults.argument_parser.defaults.DefaultArgumentsDecorator object at 0xffff7ffcabd0>, verb_extension=<colcon_core.verb.build.BuildVerb object at 0xffff801de960>, main=<bound method BuildVerb.main of <colcon_core.verb.build.BuildVerb object at 0xffff801de960>>)
[0.561s] Level 1:colcon.colcon_core.package_discovery:discover_packages(colcon_meta) check parameters
[0.562s] Level 1:colcon.colcon_core.package_discovery:discover_packages(recursive) check parameters
[0.562s] Level 1:colcon.colcon_core.package_discovery:discover_packages(ignore) check parameters
[0.562s] Level 1:colcon.colcon_core.package_discovery:discover_packages(path) check parameters
[0.562s] Level 1:colcon.colcon_core.package_discovery:discover_packages(colcon_meta) discover
[0.562s] Level 1:colcon.colcon_core.package_discovery:discover_packages(recursive) discover
[0.563s] INFO:colcon.colcon_core.package_discovery:Crawling recursively for packages in '/home/jbeta/Software/mate_software/mate_workspace/src'
[0.563s] Level 1:colcon.colcon_core.package_identification:_identify(.) by extensions ['ignore', 'ignore_ament_install']
[0.563s] Level 1:colcon.colcon_core.package_identification:_identify(.) by extension 'ignore'
[0.564s] Level 1:colcon.colcon_core.package_identification:_identify(.) by extension 'ignore_ament_install'
[0.564s] Level 1:colcon.colcon_core.package_identification:_identify(.) by extensions ['colcon_pkg']
[0.564s] Level 1:colcon.colcon_core.package_identification:_identify(.) by extension 'colcon_pkg'
[0.564s] Level 1:colcon.colcon_core.package_identification:_identify(.) by extensions ['colcon_meta']
[0.564s] Level 1:colcon.colcon_core.package_identification:_identify(.) by extension 'colcon_meta'
[0.564s] Level 1:colcon.colcon_core.package_identification:_identify(.) by extensions ['ros']
[0.564s] Level 1:colcon.colcon_core.package_identification:_identify(.) by extension 'ros'
[0.664s] Level 1:colcon.colcon_core.package_identification:_identify(.) by extensions ['cmake', 'python']
[0.664s] Level 1:colcon.colcon_core.package_identification:_identify(.) by extension 'cmake'
[0.664s] Level 1:colcon.colcon_core.package_identification:_identify(.) by extension 'python'
[0.664s] Level 1:colcon.colcon_core.package_identification:_identify(.) by extensions ['python_setup_py']
[0.664s] Level 1:colcon.colcon_core.package_identification:_identify(.) by extension 'python_setup_py'
[0.665s] Level 1:colcon.colcon_core.package_identification:_identify(build) by extensions ['ignore', 'ignore_ament_install']
[0.665s] Level 1:colcon.colcon_core.package_identification:_identify(build) by extension 'ignore'
[0.665s] Level 1:colcon.colcon_core.package_identification:_identify(build) ignored
[0.666s] Level 1:colcon.colcon_core.package_identification:_identify(install) by extensions ['ignore', 'ignore_ament_install']
[0.666s] Level 1:colcon.colcon_core.package_identification:_identify(install) by extension 'ignore'
[0.666s] Level 1:colcon.colcon_core.package_identification:_identify(install) ignored
[0.667s] Level 1:colcon.colcon_core.package_identification:_identify(log) by extensions ['ignore', 'ignore_ament_install']
[0.667s] Level 1:colcon.colcon_core.package_identification:_identify(log) by extension 'ignore'
[0.667s] Level 1:colcon.colcon_core.package_identification:_identify(log) ignored
[0.668s] Level 1:colcon.colcon_core.package_identification:_identify(simple_package) by extensions ['ignore', 'ignore_ament_install']
[0.668s] Level 1:colcon.colcon_core.package_identification:_identify(simple_package) by extension 'ignore'
[0.668s] Level 1:colcon.colcon_core.package_identification:_identify(simple_package) by extension 'ignore_ament_install'
[0.668s] Level 1:colcon.colcon_core.package_identification:_identify(simple_package) by extensions ['colcon_pkg']
[0.669s] Level 1:colcon.colcon_core.package_identification:_identify(simple_package) by extension 'colcon_pkg'
[0.669s] Level 1:colcon.colcon_core.package_identification:_identify(simple_package) by extensions ['colcon_meta']
[0.669s] Level 1:colcon.colcon_core.package_identification:_identify(simple_package) by extension 'colcon_meta'
[0.669s] Level 1:colcon.colcon_core.package_identification:_identify(simple_package) by extensions ['ros']
[0.669s] Level 1:colcon.colcon_core.package_identification:_identify(simple_package) by extension 'ros'
[0.685s] DEBUG:colcon.colcon_core.package_identification:Package 'simple_package' with type 'ros.ament_python' and name 'simple_package'
[0.685s] Level 1:colcon.colcon_core.package_discovery:discover_packages(recursive) using defaults
[0.686s] Level 1:colcon.colcon_core.package_discovery:discover_packages(ignore) discover
[0.686s] Level 1:colcon.colcon_core.package_discovery:discover_packages(ignore) using defaults
[0.686s] Level 1:colcon.colcon_core.package_discovery:discover_packages(path) discover
[0.686s] Level 1:colcon.colcon_core.package_discovery:discover_packages(path) using defaults
[0.753s] Level 1:colcon.colcon_core.package_discovery:discover_packages(prefix_path) check parameters
[0.753s] Level 1:colcon.colcon_core.package_discovery:discover_packages(prefix_path) discover
[0.760s] DEBUG:colcon.colcon_installed_package_information.package_discovery:Found 0 installed packages in /home/jbeta/Software/mate_software/mate_workspace/install
[0.770s] DEBUG:colcon.colcon_installed_package_information.package_discovery:Found 285 installed packages in /opt/ros/jazzy
[0.774s] Level 1:colcon.colcon_core.package_discovery:discover_packages(prefix_path) using defaults
[0.963s] Level 5:colcon.colcon_core.verb:set package 'simple_package' build argument 'cmake_args' from command line to 'None'
[0.963s] Level 5:colcon.colcon_core.verb:set package 'simple_package' build argument 'cmake_target' from command line to 'None'
[0.963s] Level 5:colcon.colcon_core.verb:set package 'simple_package' build argument 'cmake_target_skip_unavailable' from command line to 'False'
[0.963s] Level 5:colcon.colcon_core.verb:set package 'simple_package' build argument 'cmake_clean_cache' from command line to 'False'
[0.963s] Level 5:colcon.colcon_core.verb:set package 'simple_package' build argument 'cmake_clean_first' from command line to 'False'
[0.963s] Level 5:colcon.colcon_core.verb:set package 'simple_package' build argument 'cmake_force_configure' from command line to 'False'
[0.964s] Level 5:colcon.colcon_core.verb:set package 'simple_package' build argument 'ament_cmake_args' from command line to 'None'
[0.964s] Level 5:colcon.colcon_core.verb:set package 'simple_package' build argument 'catkin_cmake_args' from command line to 'None'
[0.964s] Level 5:colcon.colcon_core.verb:set package 'simple_package' build argument 'catkin_skip_building_tests' from command line to 'False'
[0.964s] DEBUG:colcon.colcon_core.verb:Building package 'simple_package' with the following arguments: {'ament_cmake_args': None, 'build_base': '/home/jbeta/Software/mate_software/mate_workspace/src/build/simple_package', 'catkin_cmake_args': None, 'catkin_skip_building_tests': False, 'cmake_args': None, 'cmake_clean_cache': False, 'cmake_clean_first': False, 'cmake_force_configure': False, 'cmake_target': None, 'cmake_target_skip_unavailable': False, 'install_base': '/home/jbeta/Software/mate_software/mate_workspace/src/install/simple_package', 'merge_install': False, 'path': '/home/jbeta/Software/mate_software/mate_workspace/src/simple_package', 'symlink_install': False, 'test_result_base': None}
[0.964s] INFO:colcon.colcon_core.executor:Executing jobs using 'parallel' executor
[0.967s] DEBUG:colcon.colcon_parallel_executor.executor.parallel:run_until_complete
[0.968s] INFO:colcon.colcon_ros.task.ament_python.build:Building ROS package in '/home/jbeta/Software/mate_software/mate_workspace/src/simple_package' with build type 'ament_python'
[0.969s] Level 1:colcon.colcon_core.shell:create_environment_hook('simple_package', 'ament_prefix_path')
[0.976s] INFO:colcon.colcon_core.plugin_system:Skipping extension 'colcon_core.shell.bat': Not used on non-Windows systems
[0.977s] INFO:colcon.colcon_core.shell:Creating environment hook '/home/jbeta/Software/mate_software/mate_workspace/src/install/simple_package/share/simple_package/hook/ament_prefix_path.ps1'
[0.980s] INFO:colcon.colcon_core.shell:Creating environment descriptor '/home/jbeta/Software/mate_software/mate_workspace/src/install/simple_package/share/simple_package/hook/ament_prefix_path.dsv'
[0.983s] INFO:colcon.colcon_core.shell:Creating environment hook '/home/jbeta/Software/mate_software/mate_workspace/src/install/simple_package/share/simple_package/hook/ament_prefix_path.sh'
[0.985s] INFO:colcon.colcon_core.shell:Skip shell extension 'powershell' for command environment: Not usable outside of PowerShell
[0.986s] DEBUG:colcon.colcon_core.shell:Skip shell extension 'dsv' for command environment
[1.903s] INFO:colcon.colcon_core.task.python.build:Building Python package in '/home/jbeta/Software/mate_software/mate_workspace/src/simple_package'
[1.904s] INFO:colcon.colcon_core.shell:Skip shell extension 'powershell' for command environment: Not usable outside of PowerShell
[1.904s] DEBUG:colcon.colcon_core.shell:Skip shell extension 'dsv' for command environment
[5.072s] DEBUG:colcon.colcon_core.event_handler.log_command:Invoking command in '/home/jbeta/Software/mate_software/mate_workspace/src/simple_package': DEBUGINFOD_URLS=https://debuginfod.ubuntu.com PYTHONPATH=/home/jbeta/Software/mate_software/mate_workspace/src/build/simple_package/prefix_override:/usr/lib/python3/dist-packages/colcon_core/task/python/colcon_distutils_commands:/home/jbeta/Software/mate_software/mate_workspace/src/install/simple_package/lib/python3.12/site-packages:${PYTHONPATH} /usr/bin/python3 -W ignore:setup.py install is deprecated setup.py egg_info --egg-base ../build/simple_package build --build-base /home/jbeta/Software/mate_software/mate_workspace/src/build/simple_package/build install --record /home/jbeta/Software/mate_software/mate_workspace/src/build/simple_package/install.log --single-version-externally-managed install_data
[6.557s] DEBUG:colcon.colcon_parallel_executor.executor.parallel:run_until_complete was interrupted
[6.558s] DEBUG:colcon.colcon_parallel_executor.executor.parallel:run_until_complete again
[6.665s] DEBUG:colcon.colcon_core.event_handler.log_command:Invoked command in '/home/jbeta/Software/mate_software/mate_workspace/src/simple_package' returned '1': DEBUGINFOD_URLS=https://debuginfod.ubuntu.com PYTHONPATH=/home/jbeta/Software/mate_software/mate_workspace/src/build/simple_package/prefix_override:/usr/lib/python3/dist-packages/colcon_core/task/python/colcon_distutils_commands:/home/jbeta/Software/mate_software/mate_workspace/src/install/simple_package/lib/python3.12/site-packages:${PYTHONPATH} /usr/bin/python3 -W ignore:setup.py install is deprecated setup.py egg_info --egg-base ../build/simple_package build --build-base /home/jbeta/Software/mate_software/mate_workspace/src/build/simple_package/build install --record /home/jbeta/Software/mate_software/mate_workspace/src/build/simple_package/install.log --single-version-externally-managed install_data
[6.675s] DEBUG:colcon.colcon_parallel_executor.executor.parallel:run_until_complete finished
[6.675s] DEBUG:colcon.colcon_parallel_executor.executor.parallel:closing loop
[6.676s] DEBUG:colcon.colcon_parallel_executor.executor.parallel:loop closed
[6.676s] DEBUG:colcon.colcon_core.event_reactor:joining thread
[6.702s] INFO:colcon.colcon_core.plugin_system:Skipping extension 'colcon_notification.desktop_notification.terminal_notifier': Not used on non-Darwin systems
[6.703s] INFO:colcon.colcon_core.plugin_system:Skipping extension 'colcon_notification.desktop_notification.win32': Not used on non-Windows systems
[6.703s] INFO:colcon.colcon_notification.desktop_notification:Sending desktop notification using 'notify2'
[6.751s] DEBUG:colcon.colcon_core.event_reactor:joined thread
[6.752s] INFO:colcon.colcon_core.shell:Creating prefix script '/home/jbeta/Software/mate_software/mate_workspace/src/install/local_setup.ps1'
[6.755s] INFO:colcon.colcon_core.shell:Creating prefix util module '/home/jbeta/Software/mate_software/mate_workspace/src/install/_local_setup_util_ps1.py'
[6.759s] INFO:colcon.colcon_core.shell:Creating prefix chain script '/home/jbeta/Software/mate_software/mate_workspace/src/install/setup.ps1'
[6.763s] INFO:colcon.colcon_core.shell:Creating prefix script '/home/jbeta/Software/mate_software/mate_workspace/src/install/local_setup.sh'
[6.765s] INFO:colcon.colcon_core.shell:Creating prefix util module '/home/jbeta/Software/mate_software/mate_workspace/src/install/_local_setup_util_sh.py'
[6.768s] INFO:colcon.colcon_core.shell:Creating prefix chain script '/home/jbeta/Software/mate_software/mate_workspace/src/install/setup.sh'
[6.771s] INFO:colcon.colcon_core.shell:Creating prefix script '/home/jbeta/Software/mate_software/mate_workspace/src/install/local_setup.bash'
[6.773s] INFO:colcon.colcon_core.shell:Creating prefix chain script '/home/jbeta/Software/mate_software/mate_workspace/src/install/setup.bash'
[6.776s] INFO:colcon.colcon_core.shell:Creating prefix script '/home/jbeta/Software/mate_software/mate_workspace/src/install/local_setup.zsh'
[6.778s] INFO:colcon.colcon_core.shell:Creating prefix chain script '/home/jbeta/Software/mate_software/mate_workspace/src/install/setup.zsh'
