[3.349s] Invoking command in '/home/jbeta/Software/mate_software/mate_workspace/src/simple_package': DEBUGINFOD_URLS=https://debuginfod.ubuntu.com PYTHONPATH=/home/jbeta/Software/mate_software/mate_workspace/build/simple_package/prefix_override:/usr/lib/python3/dist-packages/colcon_core/task/python/colcon_distutils_commands:/home/jbeta/Software/mate_software/mate_workspace/install/simple_package/lib/python3.12/site-packages:${PYTHONPATH} /usr/bin/python3 -W ignore:setup.py install is deprecated setup.py egg_info --egg-base ../../build/simple_package build --build-base /home/jbeta/Software/mate_software/mate_workspace/build/simple_package/build install --record /home/jbeta/Software/mate_software/mate_workspace/build/simple_package/install.log --single-version-externally-managed install_data
[4.451s] running egg_info
[4.452s] creating ../../build/simple_package/simple_package.egg-info
[4.529s] writing ../../build/simple_package/simple_package.egg-info/PKG-INFO
[4.530s] writing dependency_links to ../../build/simple_package/simple_package.egg-info/dependency_links.txt
[4.531s] writing requirements to ../../build/simple_package/simple_package.egg-info/requires.txt
[4.532s] writing top-level names to ../../build/simple_package/simple_package.egg-info/top_level.txt
[4.532s] writing manifest file '../../build/simple_package/simple_package.egg-info/SOURCES.txt'
[4.690s] reading manifest file '../../build/simple_package/simple_package.egg-info/SOURCES.txt'
[4.691s] adding license file 'LICENSE'
[4.693s] writing manifest file '../../build/simple_package/simple_package.egg-info/SOURCES.txt'
[4.694s] running build
[4.694s] running build_py
[4.695s] creating /home/jbeta/Software/mate_software/mate_workspace/build/simple_package/build
[4.695s] creating /home/jbeta/Software/mate_software/mate_workspace/build/simple_package/build/lib
[4.696s] creating /home/jbeta/Software/mate_software/mate_workspace/build/simple_package/build/lib/simple_package
[4.696s] copying simple_package/__init__.py -> /home/jbeta/Software/mate_software/mate_workspace/build/simple_package/build/lib/simple_package
[4.697s] running install
[4.721s] running install_lib
[4.800s] creating /home/jbeta/Software/mate_software/mate_workspace/install/simple_package/lib/python3.12/site-packages/simple_package
[4.801s] copying /home/jbeta/Software/mate_software/mate_workspace/build/simple_package/build/lib/simple_package/__init__.py -> /home/jbeta/Software/mate_software/mate_workspace/install/simple_package/lib/python3.12/site-packages/simple_package
[4.803s] byte-compiling /home/jbeta/Software/mate_software/mate_workspace/install/simple_package/lib/python3.12/site-packages/simple_package/__init__.py to __init__.cpython-312.pyc
[4.804s] running install_data
[4.805s] creating /home/jbeta/Software/mate_software/mate_workspace/install/simple_package/share/ament_index
[4.806s] creating /home/jbeta/Software/mate_software/mate_workspace/install/simple_package/share/ament_index/resource_index
[4.806s] creating /home/jbeta/Software/mate_software/mate_workspace/install/simple_package/share/ament_index/resource_index/packages
[4.806s] copying resource/simple_package -> /home/jbeta/Software/mate_software/mate_workspace/install/simple_package/share/ament_index/resource_index/packages
[4.807s] copying package.xml -> /home/jbeta/Software/mate_software/mate_workspace/install/simple_package/share/simple_package
[4.808s] running install_egg_info
[4.891s] Copying ../../build/simple_package/simple_package.egg-info to /home/jbeta/Software/mate_software/mate_workspace/install/simple_package/lib/python3.12/site-packages/simple_package-0.0.0-py3.12.egg-info
[4.896s] running install_scripts
[5.491s] writing list of installed files to '/home/jbeta/Software/mate_software/mate_workspace/build/simple_package/install.log'
[5.631s] Invoked command in '/home/jbeta/Software/mate_software/mate_workspace/src/simple_package' returned '0': DEBUGINFOD_URLS=https://debuginfod.ubuntu.com PYTHONPATH=/home/jbeta/Software/mate_software/mate_workspace/build/simple_package/prefix_override:/usr/lib/python3/dist-packages/colcon_core/task/python/colcon_distutils_commands:/home/jbeta/Software/mate_software/mate_workspace/install/simple_package/lib/python3.12/site-packages:${PYTHONPATH} /usr/bin/python3 -W ignore:setup.py install is deprecated setup.py egg_info --egg-base ../../build/simple_package build --build-base /home/jbeta/Software/mate_software/mate_workspace/build/simple_package/build install --record /home/jbeta/Software/mate_software/mate_workspace/build/simple_package/install.log --single-version-externally-managed install_data
